<?xml version="1.0" encoding="UTF-8"?>
<coverage generated="1696946203633" clover="3.2.0">
  <project timestamp="1696946203633" name="All files">
    <metrics statements="12" coveredstatements="12" conditionals="6" coveredconditionals="4" methods="3" coveredmethods="3" elements="21" coveredelements="19" complexity="0" loc="12" ncloc="12" packages="1" files="1" classes="1"/>
    <file name="calcPrices.ts" path="C:\Users\bram_\my_projects\Orbital\orbital-shop\backend\general\utils\calcPrices.ts">
      <metrics statements="12" coveredstatements="12" conditionals="6" coveredconditionals="4" methods="3" coveredmethods="3"/>
      <line num="4" count="1" type="stmt"/>
      <line num="5" count="8" type="stmt"/>
      <line num="8" count="1" type="stmt"/>
      <line num="9" count="2" type="stmt"/>
      <line num="12" count="2" type="stmt"/>
      <line num="13" count="2" type="stmt"/>
      <line num="17" count="2" type="stmt"/>
      <line num="19" count="3" type="stmt"/>
      <line num="23" count="2" type="stmt"/>
      <line num="28" count="2" type="stmt"/>
      <line num="29" count="2" type="stmt"/>
      <line num="30" count="2" type="stmt"/>
    </file>
  </project>
</coverage>
