{"C:\\Users\\bram_\\my_projects\\Orbital\\orbital-shop\\backend\\general\\utils\\calcPrices.ts": {"path":"C:\\Users\\bram_\\my_projects\\Orbital\\orbital-shop\\backend\\general\\utils\\calcPrices.ts","statementMap":{"0":{"start":{"line":4,"column":32},"end":{"line":6,"column":1}},"1":{"start":{"line":5,"column":2},"end":{"line":5,"column":37}},"2":{"start":{"line":4,"column":13},"end":{"line":4,"column":32}},"3":{"start":{"line":8,"column":26},"end":{"line":31,"column":1}},"4":{"start":{"line":9,"column":31},"end":{"line":10,"column":null}},"5":{"start":{"line":12,"column":31},"end":{"line":12,"column":63}},"6":{"start":{"line":13,"column":42},"end":{"line":14,"column":null}},"7":{"start":{"line":17,"column":21},"end":{"line":21,"column":null}},"8":{"start":{"line":19,"column":45},"end":{"line":19,"column":72}},"9":{"start":{"line":23,"column":24},"end":{"line":26,"column":null}},"10":{"start":{"line":28,"column":19},"end":{"line":28,"column":62}},"11":{"start":{"line":29,"column":21},"end":{"line":29,"column":76}},"12":{"start":{"line":30,"column":2},"end":{"line":30,"column":61}},"13":{"start":{"line":8,"column":13},"end":{"line":8,"column":26}}},"fnMap":{"0":{"name":"(anonymous_0)","decl":{"start":{"line":4,"column":32},"end":{"line":4,"column":33}},"loc":{"start":{"line":4,"column":48},"end":{"line":6,"column":1}}},"1":{"name":"(anonymous_1)","decl":{"start":{"line":8,"column":26},"end":{"line":8,"column":27}},"loc":{"start":{"line":8,"column":69},"end":{"line":31,"column":1}}},"2":{"name":"(anonymous_2)","decl":{"start":{"line":19,"column":6},"end":{"line":19,"column":7}},"loc":{"start":{"line":19,"column":45},"end":{"line":19,"column":72}}}},"branchMap":{"0":{"loc":{"start":{"line":10,"column":4},"end":{"line":10,"column":74}},"type":"binary-expr","locations":[{"start":{"line":10,"column":4},"end":{"line":10,"column":30}},{"start":{"line":10,"column":34},"end":{"line":10,"column":74}}]},"1":{"loc":{"start":{"line":24,"column":4},"end":{"line":26,"column":20}},"type":"cond-expr","locations":[{"start":{"line":25,"column":8},"end":{"line":25,"column":9}},{"start":{"line":26,"column":8},"end":{"line":26,"column":20}}]},"2":{"loc":{"start":{"line":24,"column":4},"end":{"line":24,"column":62}},"type":"binary-expr","locations":[{"start":{"line":24,"column":4},"end":{"line":24,"column":22}},{"start":{"line":24,"column":26},"end":{"line":24,"column":62}}]}},"s":{"0":1,"1":8,"2":1,"3":1,"4":2,"5":2,"6":2,"7":2,"8":3,"9":2,"10":2,"11":2,"12":2,"13":1},"f":{"0":8,"1":2,"2":3},"b":{"0":[2,0],"1":[0,2],"2":[2,2]}}
}
